<?xml version="1.0" encoding="UTF-8"?>
<!-- Generated by org.testng.reporters.JUnitXMLReporter -->
<testsuite hostname="LAPTOP-KBL3VNM6" ignored="1" name="Default test" tests="4" failures="0" timestamp="2020-09-11T03:37:44 IST" time="73.458" errors="0">
  <testcase name="validateloginid" time="14.931" classname="com.capge.hos1.script.testscript"/>
  <testcase name="validatepass" time="0.155" classname="com.capge.hos1.script.testscript"/>
  <testcase name="validatelogin" time="0.119" classname="com.capge.hos1.script.testscript"/>
  <testcase name="validatetitle" time="0.163" classname="com.capge.hos1.script.testscript"/>
  <testcase name="validatenotnow" time="0.0" classname="com.capge.hos1.script.testscript">
    <ignored/>
  </testcase> <!-- validatenotnow -->
</testsuite> <!-- Default test -->
