<?xml version="1.0" encoding="UTF-8"?>
<!-- Generated by org.testng.reporters.JUnitXMLReporter -->
<testsuite hostname="LAPTOP-KBL3VNM6" ignored="1" name="Test" tests="2" failures="0" timestamp="2020-09-08T11:15:12 IST" time="22.333" errors="0">
  <testcase name="validateloginid" time="1.264" classname="com.capge.hos1.script.testscript"/>
  <testcase name="validatepass" time="0.353" classname="com.capge.hos1.script.testscript"/>
  <testcase name="validatelogin" time="0.0" classname="com.capge.hos1.script.testscript">
    <ignored/>
  </testcase> <!-- validatelogin -->
</testsuite> <!-- Test -->
